<?xml version="1.0" encoding="UTF-8"?>
<testng-results ignored="0" total="1" passed="1" failed="0" skipped="0">
  <reporter-output>
  </reporter-output>
  <suite started-at="2023-11-21T15:23:59 IST" name="Default suite" finished-at="2023-11-21T15:25:23 IST" duration-ms="83963">
    <groups>
    </groups>
    <test started-at="2023-11-21T15:23:59 IST" name="Default test" finished-at="2023-11-21T15:25:23 IST" duration-ms="83963">
      <class name="Flipkart_Application.Checkout_Process_Through_Invalid_Mobile_Number">
        <test-method is-config="true" signature="setup()[pri:0, instance:Flipkart_Application.Checkout_Process_Through_Invalid_Mobile_Number@2a7f1f10]" started-at="2023-11-21T15:23:59 IST" name="setup" finished-at="2023-11-21T15:24:21 IST" duration-ms="21538" status="PASS">
          <reporter-output>
          </reporter-output>
        </test-method> <!-- setup -->
        <test-method signature="Checkout_Process_Via_Invalid_Mobile_Number()[pri:0, instance:Flipkart_Application.Checkout_Process_Through_Invalid_Mobile_Number@2a7f1f10]" started-at="2023-11-21T15:24:22 IST" name="Checkout_Process_Via_Invalid_Mobile_Number" finished-at="2023-11-21T15:25:21 IST" duration-ms="59468" status="PASS">
          <reporter-output>
          </reporter-output>
        </test-method> <!-- Checkout_Process_Via_Invalid_Mobile_Number -->
        <test-method is-config="true" signature="tearDown()[pri:0, instance:Flipkart_Application.Checkout_Process_Through_Invalid_Mobile_Number@2a7f1f10]" started-at="2023-11-21T15:25:21 IST" name="tearDown" finished-at="2023-11-21T15:25:23 IST" duration-ms="2036" status="PASS">
          <reporter-output>
          </reporter-output>
        </test-method> <!-- tearDown -->
      </class> <!-- Flipkart_Application.Checkout_Process_Through_Invalid_Mobile_Number -->
    </test> <!-- Default test -->
  </suite> <!-- Default suite -->
</testng-results>
